0 info it worked if it ends with ok
1 verbose cli [ 'node',
1 verbose cli   '/usr/local/bin/npm',
1 verbose cli   'install',
1 verbose cli   '--save',
1 verbose cli   'loopback-connector-postgresql' ]
2 info using npm@1.4.28
3 info using node@v0.10.33
4 warn package.json ifreightapi@0.0.0 No description
5 warn package.json ifreightapi@0.0.0 No repository field.
6 warn package.json ifreightapi@0.0.0 No README data
7 verbose readDependencies using package.json deps
8 verbose cache add [ 'loopback-connector-postgresql', null ]
9 verbose cache add name=undefined spec="loopback-connector-postgresql" args=["loopback-connector-postgresql",null]
10 verbose parsed url { protocol: null,
10 verbose parsed url   slashes: null,
10 verbose parsed url   auth: null,
10 verbose parsed url   host: null,
10 verbose parsed url   port: null,
10 verbose parsed url   hostname: null,
10 verbose parsed url   hash: null,
10 verbose parsed url   search: null,
10 verbose parsed url   query: null,
10 verbose parsed url   pathname: 'loopback-connector-postgresql',
10 verbose parsed url   path: 'loopback-connector-postgresql',
10 verbose parsed url   href: 'loopback-connector-postgresql' }
11 silly lockFile 55978346-loopback-connector-postgresql loopback-connector-postgresql
12 verbose lock loopback-connector-postgresql /Users/xinhuang/.npm/55978346-loopback-connector-postgresql.lock
13 silly lockFile 55978346-loopback-connector-postgresql loopback-connector-postgresql
14 silly lockFile 55978346-loopback-connector-postgresql loopback-connector-postgresql
15 verbose addNamed [ 'loopback-connector-postgresql', '' ]
16 verbose addNamed [ null, '*' ]
17 silly lockFile 14621c65-loopback-connector-postgresql loopback-connector-postgresql@
18 verbose lock loopback-connector-postgresql@ /Users/xinhuang/.npm/14621c65-loopback-connector-postgresql.lock
19 silly addNameRange { name: 'loopback-connector-postgresql',
19 silly addNameRange   range: '*',
19 silly addNameRange   hasData: false }
20 verbose request where is /loopback-connector-postgresql
21 verbose request registry https://registry.npmjs.org/
22 verbose request id 827596c64515fc73
23 verbose url raw /loopback-connector-postgresql
24 verbose url resolving [ 'https://registry.npmjs.org/',
24 verbose url resolving   './loopback-connector-postgresql' ]
25 verbose url resolved https://registry.npmjs.org/loopback-connector-postgresql
26 verbose request where is https://registry.npmjs.org/loopback-connector-postgresql
27 info trying registry request attempt 1 at 17:21:56
28 verbose etag "DLMFQR8NYY9MT9XNM05W4WJML"
29 http GET https://registry.npmjs.org/loopback-connector-postgresql
30 http 200 https://registry.npmjs.org/loopback-connector-postgresql
31 silly registry.get cb [ 200,
31 silly registry.get   { date: 'Sun, 08 Mar 2015 01:19:37 GMT',
31 silly registry.get     server: 'CouchDB/1.5.0 (Erlang OTP/R16B03)',
31 silly registry.get     etag: '"5U5APLDJ5B5K9GC09FKBJW9YA"',
31 silly registry.get     'content-type': 'application/json',
31 silly registry.get     'cache-control': 'max-age=60',
31 silly registry.get     'content-length': '38942',
31 silly registry.get     'accept-ranges': 'bytes',
31 silly registry.get     via: '1.1 varnish',
31 silly registry.get     age: '0',
31 silly registry.get     'x-served-by': 'cache-sjc3129-SJC',
31 silly registry.get     'x-cache': 'MISS',
31 silly registry.get     'x-cache-hits': '0',
31 silly registry.get     'x-timer': 'S1425777576.821554,VS0,VE423',
31 silly registry.get     vary: 'Accept',
31 silly registry.get     'keep-alive': 'timeout=10, max=50',
31 silly registry.get     connection: 'Keep-Alive' } ]
32 silly addNameRange number 2 { name: 'loopback-connector-postgresql',
32 silly addNameRange   range: '*',
32 silly addNameRange   hasData: true }
33 silly addNameRange versions [ 'loopback-connector-postgresql',
33 silly addNameRange   [ '1.0.0',
33 silly addNameRange     '1.0.1',
33 silly addNameRange     '1.0.2',
33 silly addNameRange     '1.0.3',
33 silly addNameRange     '1.0.4',
33 silly addNameRange     '1.1.0',
33 silly addNameRange     '1.1.1',
33 silly addNameRange     '1.1.2',
33 silly addNameRange     '1.1.3',
33 silly addNameRange     '1.1.4',
33 silly addNameRange     '1.1.5',
33 silly addNameRange     '1.2.0',
33 silly addNameRange     '1.2.1',
33 silly addNameRange     '1.2.2',
33 silly addNameRange     '1.3.0',
33 silly addNameRange     '1.4.0',
33 silly addNameRange     '1.5.0',
33 silly addNameRange     '1.6.0',
33 silly addNameRange     '1.6.1' ] ]
34 verbose addNamed [ 'loopback-connector-postgresql', '1.6.1' ]
35 verbose addNamed [ '1.6.1', '1.6.1' ]
36 silly lockFile bd33f75b-pback-connector-postgresql-1-6-1 loopback-connector-postgresql@1.6.1
37 verbose lock loopback-connector-postgresql@1.6.1 /Users/xinhuang/.npm/bd33f75b-pback-connector-postgresql-1-6-1.lock
38 silly lockFile 7b697048-k-connector-postgresql-1-6-1-tgz https://registry.npmjs.org/loopback-connector-postgresql/-/loopback-connector-postgresql-1.6.1.tgz
39 verbose lock https://registry.npmjs.org/loopback-connector-postgresql/-/loopback-connector-postgresql-1.6.1.tgz /Users/xinhuang/.npm/7b697048-k-connector-postgresql-1-6-1-tgz.lock
40 verbose addRemoteTarball [ 'https://registry.npmjs.org/loopback-connector-postgresql/-/loopback-connector-postgresql-1.6.1.tgz',
40 verbose addRemoteTarball   '04d817ef583b95c30e829706a742e81f2b814382' ]
41 info retry fetch attempt 1 at 17:21:57
42 verbose fetch to= /var/folders/j5/lhbk_bs97ngbjzhnxjhtr6y00000gn/T/npm-79235-grWYAQMI/registry.npmjs.org/loopback-connector-postgresql/-/loopback-connector-postgresql-1.6.1.tgz
43 http GET https://registry.npmjs.org/loopback-connector-postgresql/-/loopback-connector-postgresql-1.6.1.tgz
44 http 200 https://registry.npmjs.org/loopback-connector-postgresql/-/loopback-connector-postgresql-1.6.1.tgz
45 silly lockFile 7b697048-k-connector-postgresql-1-6-1-tgz https://registry.npmjs.org/loopback-connector-postgresql/-/loopback-connector-postgresql-1.6.1.tgz
46 silly lockFile 7b697048-k-connector-postgresql-1-6-1-tgz https://registry.npmjs.org/loopback-connector-postgresql/-/loopback-connector-postgresql-1.6.1.tgz
47 silly lockFile bd33f75b-pback-connector-postgresql-1-6-1 loopback-connector-postgresql@1.6.1
48 silly lockFile bd33f75b-pback-connector-postgresql-1-6-1 loopback-connector-postgresql@1.6.1
49 silly lockFile 14621c65-loopback-connector-postgresql loopback-connector-postgresql@
50 silly lockFile 14621c65-loopback-connector-postgresql loopback-connector-postgresql@
51 error Error: EACCES, mkdir '/Users/xinhuang/.npm/loopback-connector-postgresql/1.6.1'
51 error  { [Error: EACCES, mkdir '/Users/xinhuang/.npm/loopback-connector-postgresql/1.6.1']
51 error   errno: 3,
51 error   code: 'EACCES',
51 error   path: '/Users/xinhuang/.npm/loopback-connector-postgresql/1.6.1',
51 error   parent: 'ifreightapi' }
52 error Please try running this command again as root/Administrator.
53 error System Darwin 13.3.0
54 error command "node" "/usr/local/bin/npm" "install" "--save" "loopback-connector-postgresql"
55 error cwd /Users/xinhuang/meanprj/ecommerce2015/api/ifreightapi
56 error node -v v0.10.33
57 error npm -v 1.4.28
58 error path /Users/xinhuang/.npm/loopback-connector-postgresql/1.6.1
59 error code EACCES
60 error errno 3
61 error stack Error: EACCES, mkdir '/Users/xinhuang/.npm/loopback-connector-postgresql/1.6.1'
62 verbose exit [ 3, true ]
